\BOOKMARK [-1][]{thuchapter.1.-1}{\376\377\127\372\116\216\147\000\117\030\143\247\122\066\164\006\213\272\166\204\211\346\144\170\217\320\122\250\152\041\127\213}{}% 1
\BOOKMARK [0][]{thuchapter.2.0}{\376\377\133\146\117\115\213\272\145\207\143\007\133\374\134\017\176\304\060\001\121\154\137\000\213\304\226\005\116\272\124\214\173\124\217\251\131\324\124\130\117\032\124\015\123\125}{thuchapter.1.-1}% 2
\BOOKMARK [0][]{thuchapter.3.0}{\376\377\121\163\116\216\133\146\117\115\213\272\145\207\117\177\165\050\143\210\147\103\166\204\213\364\146\016}{thuchapter.1.-1}% 3
\BOOKMARK [0][]{section*.9}{\376\377\144\130\211\201}{thuchapter.1.-1}% 4
\BOOKMARK [0][]{section*.11}{\376\377\000A\000b\000s\000t\000r\000a\000c\000t}{thuchapter.1.-1}% 5
\BOOKMARK [0][]{section*.13}{\376\377\166\356\137\125}{thuchapter.1.-1}% 6
\BOOKMARK [0][]{section*.15}{\376\377\143\322\126\376\124\214\226\104\210\150\156\005\123\125}{thuchapter.1.-1}% 7
\BOOKMARK [0][]{section*.17}{\376\377\173\046\123\367\124\214\177\051\165\145\213\355\213\364\146\016}{thuchapter.1.-1}% 8
\BOOKMARK [0][]{chapter.1}{\376\377\173\054\0001\172\340\000\040\137\025\212\000}{thuchapter.1.-1}% 9
\BOOKMARK [1][-]{section.1.1}{\376\377\0001\000.\0001\000\040\220\011\230\230\200\314\146\157\123\312\141\017\116\111}{chapter.1}% 10
\BOOKMARK [2][-]{subsection.1.1.1}{\376\377\0001\000.\0001\000.\0001\000\040\211\346\144\170\116\244\116\222\166\204\221\315\211\201\140\047}{section.1.1}% 11
\BOOKMARK [2][-]{subsection.1.1.2}{\376\377\0001\000.\0001\000.\0002\000\040\211\346\144\170\116\244\116\222\166\204\145\071\217\333\145\271\124\021}{section.1.1}% 12
\BOOKMARK [1][-]{section.1.2}{\376\377\0001\000.\0002\000\040\170\024\172\166\163\260\162\266}{chapter.1}% 13
\BOOKMARK [2][-]{subsection.1.2.1}{\376\377\0001\000.\0002\000.\0001\000\040\165\065\133\271\211\346\144\170\134\117}{section.1.2}% 14
\BOOKMARK [2][-]{subsection.1.2.2}{\376\377\0001\000.\0002\000.\0002\000\040\127\372\116\216\217\320\122\250\117\040\141\037\166\204\211\346\144\170\141\037\167\345\142\200\147\057}{section.1.2}% 15
\BOOKMARK [1][-]{section.1.3}{\376\377\0001\000.\0003\000\040\170\024\172\166\121\205\133\271}{chapter.1}% 16
\BOOKMARK [1][-]{section.1.4}{\376\377\0001\000.\0004\000\040\116\073\211\201\170\024\172\166\142\020\147\234}{chapter.1}% 17
\BOOKMARK [1][-]{section.1.5}{\376\377\0001\000.\0005\000\040\213\272\145\207\176\304\176\307\176\323\147\204}{chapter.1}% 18
\BOOKMARK [0][]{chapter.2}{\376\377\173\054\0002\172\340\000\040\127\372\116\216\147\000\117\030\143\247\122\066\164\006\213\272\166\204\211\346\144\170\217\320\122\250\152\041\127\213}{thuchapter.1.-1}% 19
\BOOKMARK [1][-]{section.2.1}{\376\377\0002\000.\0001\000\040\211\346\144\170\217\320\122\250\166\204\145\160\133\146\152\041\127\213}{chapter.2}% 20
\BOOKMARK [1][-]{section.2.2}{\376\377\0002\000.\0002\000\040\211\346\144\170\217\320\122\250\166\204\213\241\173\227\152\041\127\213}{chapter.2}% 21
\BOOKMARK [2][-]{subsection.2.2.1}{\376\377\0002\000.\0002\000.\0001\000\040\123\141\134\024\146\374\156\344\154\342}{section.2.2}% 22
\BOOKMARK [2][-]{subsection.2.2.2}{\376\377\0002\000.\0002\000.\0002\000\040\147\000\134\017\116\214\116\130\142\337\124\010}{section.2.2}% 23
\BOOKMARK [1][-]{section.2.3}{\376\377\0002\000.\0003\000\040\211\346\144\170\217\320\122\250\166\204\136\224\165\050}{chapter.2}% 24
\BOOKMARK [0][]{chapter.3}{\376\377\173\054\0003\172\340\000\040\127\372\116\216\217\320\122\250\117\040\141\037\143\007\163\257\166\204\117\116\136\366\217\337\211\346\144\170\141\037\167\345\142\200\147\057}{thuchapter.1.-1}% 25
\BOOKMARK [0][]{chapter.4}{\376\377\173\054\0004\172\340\000\040\227\142\124\021\217\336\176\355\211\346\144\170\217\223\121\145\166\204\226\062\213\357\211\346\142\200\147\057}{thuchapter.1.-1}% 26
\BOOKMARK [0][]{section*.22}{\376\377\123\302\200\003\145\207\163\056}{thuchapter.1.-1}% 27
\BOOKMARK [0][]{appendix.A}{\376\377\226\104\137\125\000\040\000A\000\040\210\145\121\105\121\205\133\271}{thuchapter.1.-1}% 28
\BOOKMARK [1][-]{section.A.1}{\376\377\000A\000.\0001\000\040\126\376\210\150\171\072\117\213}{appendix.A}% 29
\BOOKMARK [2][-]{subsection.A.1.1}{\376\377\000A\000.\0001\000.\0001\000\040\126\376}{section.A.1}% 30
\BOOKMARK [2][-]{subsection.A.1.2}{\376\377\000A\000.\0001\000.\0002\000\040\210\150\150\074}{section.A.1}% 31
\BOOKMARK [1][-]{section.A.2}{\376\377\000A\000.\0002\000\040\145\160\133\146\121\154\137\017}{appendix.A}% 32
\BOOKMARK [0][]{section*.26}{\376\377\201\364\214\042}{thuchapter.1.-1}% 33
\BOOKMARK [0][]{section*.28}{\376\377\130\360\146\016}{thuchapter.1.-1}% 34
\BOOKMARK [0][]{section*.30}{\376\377\116\052\116\272\173\200\123\206\060\001\127\050\133\146\147\037\225\364\133\214\142\020\166\204\166\370\121\163\133\146\147\057\142\020\147\234}{thuchapter.1.-1}% 35
\BOOKMARK [0][]{appendix*.36}{\376\377\143\007\133\374\145\131\136\010\133\146\147\057\213\304\213\355}{thuchapter.1.-1}% 36
\BOOKMARK [0][]{appendix*.37}{\376\377\173\124\217\251\131\324\124\130\117\032\121\263\213\256\116\146}{thuchapter.1.-1}% 37
